<?xml version="1.0" encoding="UTF-8"?>
<!-- Generated by org.testng.reporters.JUnitReportReporter -->
<testsuite skipped="0" hostname="MYPC" name="test.ActionsOnBoardPageToPrivateTests" tests="1" failures="0" timestamp="30 Mar 2020 20:53:40 GMT" time="47.165" errors="0">
  <testcase name="createNewBoard" time="47.165" classname="test.ActionsOnBoardPageToPrivateTests"/>
</testsuite> <!-- test.ActionsOnBoardPageToPrivateTests -->
