<?xml version="1.0" encoding="UTF-8"?>
<!-- Generated by org.testng.reporters.JUnitReportReporter -->
<testsuite skipped="0" hostname="MYPC" name="test.LoginToTrelloTest" tests="1" failures="0" timestamp="21 Jun 2020 03:36:37 GMT" time="19.301" errors="0">
  <testcase name="testTrelloPageLogin" time="19.301" classname="test.LoginToTrelloTest"/>
</testsuite> <!-- test.LoginToTrelloTest -->
