<?xml version="1.0" encoding="UTF-8"?>
<!-- Generated by org.testng.reporters.JUnitReportReporter -->
<testsuite skipped="0" hostname="MYPC" name="test.LoginToTrelloTest" tests="1" failures="0" timestamp="29 Aug 2020 17:44:23 GMT" time="18.008" errors="0">
  <testcase name="testTrelloPageLogin" time="18.008" classname="test.LoginToTrelloTest"/>
</testsuite> <!-- test.LoginToTrelloTest -->
