<?xml version="1.0" encoding="UTF-8"?>
<!-- Generated by org.testng.reporters.JUnitReportReporter -->
<testsuite skipped="0" hostname="MYPC" name="test.LoginToTrelloTest" tests="1" failures="0" timestamp="26 Mar 2020 22:17:39 GMT" time="18.029" errors="0">
  <testcase name="testTrelloPageLogin" time="18.029" classname="test.LoginToTrelloTest"/>
</testsuite> <!-- test.LoginToTrelloTest -->
